\BOOKMARK [0][-]{chapter*.6}{Resumen}{}% 1
\BOOKMARK [0][-]{chapter*.7}{Introducci\363n}{}% 2
\BOOKMARK [-1][-]{part.1}{I Marco te\363rico}{}% 3
\BOOKMARK [0][-]{chapter.1}{Nanomateriales}{part.1}% 4
\BOOKMARK [1][-]{section.1.1}{Nanomateriales}{chapter.1}% 5
\BOOKMARK [1][-]{section.1.2}{S\355ntesis}{chapter.1}% 6
\BOOKMARK [1][-]{section.1.3}{Caracterizaci\363n}{chapter.1}% 7
\BOOKMARK [1][-]{section.1.4}{Aplicaciones}{chapter.1}% 8
\BOOKMARK [0][-]{chapter.2}{Grafeno}{part.1}% 9
\BOOKMARK [1][-]{section.2.1}{Propiedades}{chapter.2}% 10
\BOOKMARK [1][-]{section.2.2}{S\355ntesis}{chapter.2}% 11
\BOOKMARK [1][-]{section.2.3}{Aplicaciones}{chapter.2}% 12
\BOOKMARK [0][-]{chapter.3}{Supercondensadores}{part.1}% 13
\BOOKMARK [1][-]{section.3.1}{El condensador ideal}{chapter.3}% 14
\BOOKMARK [1][-]{section.3.2}{El condensador real}{chapter.3}% 15
\BOOKMARK [2][-]{subsection.3.2.1}{Breakdown voltage}{section.3.2}% 16
\BOOKMARK [2][-]{subsection.3.2.2}{Circuito equivalente}{section.3.2}% 17
\BOOKMARK [2][-]{subsection.3.2.3}{Resistencia en serie equivalente \(ESR\)}{section.3.2}% 18
\BOOKMARK [2][-]{subsection.3.2.4}{Corriente de fuga \(leakage current\)}{section.3.2}% 19
\BOOKMARK [1][-]{section.3.3}{\277Qu\351 hace a un supercondensador?}{chapter.3}% 20
\BOOKMARK [2][-]{subsection.3.3.1}{Doble capa electrost\341tica de Helmholtz}{section.3.3}% 21
\BOOKMARK [2][-]{subsection.3.3.2}{Pseudocapacitancia}{section.3.3}% 22
\BOOKMARK [-1][-]{part.2}{II Cuerpo de la tesis}{}% 23
\BOOKMARK [0][-]{chapter.4}{S\355ntesis de \363xido de grafeno}{part.2}% 24
\BOOKMARK [0][-]{chapter.5}{Reducci\363n del \363xido de grafeno}{part.2}% 25
\BOOKMARK [0][-]{chapter.6}{Construcci\363n de supercondensadores}{part.2}% 26
\BOOKMARK [-1][-]{part.3}{III Conclusiones}{}% 27
\BOOKMARK [0][-]{chapter*.10}{Anexo}{part.3}% 28
